<?xml version="1.0" encoding="UTF-8"?>
<!-- Generated by org.testng.reporters.JUnitReportReporter -->
<testsuite hostname="NeeraV" failures="0" tests="1" name="Test.BaseClass" time="9.055" errors="0" timestamp="2023-07-20T06:57:30 IST" skipped="0">
  <testcase classname="Test.BaseClass" name="setUp" time="9.055"/>
</testsuite> <!-- Test.BaseClass -->
